生成启动时间为 2021/2/9 19:10:47。
     1>项目“D:\Code\code\test_02_09\test_02_09\test_02_09.vcxproj”在节点 2 上(build 个目标)。
     1>PrepareForBuild:
         正在创建目录“D:\Code\code\test_02_09\Debug\”。
       InitializeBuildStatus:
         正在创建“Debug\test_02_09.unsuccessfulbuild”，因为已指定“AlwaysCreate”。
       ClCompile:
         d:\VS2010\001\VC\bin\CL.exe /c /ZI /nologo /W3 /WX- /Od /Oy- /D _MBCS /Gm /EHsc /RTC1 /MDd /GS /fp:precise /Zc:wchar_t /Zc:forScope /Fo"Debug\\" /Fd"Debug\vc100.pdb" /Gd /TP /analyze- /errorReport:prompt test.cpp
         test.cpp
     1>d:\code\code\test_02_09\test_02_09\test.cpp(15): error C3861: “visit”: 找不到标识符
     1>d:\code\code\test_02_09\test_02_09\test.cpp(16): error C3861: “PreOrder”: 找不到标识符
     1>d:\code\code\test_02_09\test_02_09\test.cpp(17): error C3861: “PreOrder”: 找不到标识符
     1>d:\code\code\test_02_09\test_02_09\test.cpp(24): error C2065: “Q”: 未声明的标识符
     1>d:\code\code\test_02_09\test_02_09\test.cpp(24): error C3861: “InitQueue”: 找不到标识符
     1>d:\code\code\test_02_09\test_02_09\test.cpp(26): error C2065: “Q”: 未声明的标识符
     1>d:\code\code\test_02_09\test_02_09\test.cpp(26): error C3861: “EnQueue”: 找不到标识符
     1>d:\code\code\test_02_09\test_02_09\test.cpp(27): error C2065: “Q”: 未声明的标识符
     1>d:\code\code\test_02_09\test_02_09\test.cpp(27): error C3861: “isEmpty”: 找不到标识符
     1>d:\code\code\test_02_09\test_02_09\test.cpp(29): error C2065: “Q”: 未声明的标识符
     1>d:\code\code\test_02_09\test_02_09\test.cpp(29): error C2065: “P”: 未声明的标识符
     1>d:\code\code\test_02_09\test_02_09\test.cpp(29): error C3861: “DeQueue”: 找不到标识符
     1>d:\code\code\test_02_09\test_02_09\test.cpp(30): error C2065: “P”: 未声明的标识符
     1>d:\code\code\test_02_09\test_02_09\test.cpp(30): error C3861: “visit”: 找不到标识符
     1>d:\code\code\test_02_09\test_02_09\test.cpp(32): error C2065: “Q”: 未声明的标识符
     1>d:\code\code\test_02_09\test_02_09\test.cpp(32): error C3861: “EnQueue”: 找不到标识符
     1>d:\code\code\test_02_09\test_02_09\test.cpp(34): error C2065: “Q”: 未声明的标识符
     1>d:\code\code\test_02_09\test_02_09\test.cpp(34): error C3861: “EnQueue”: 找不到标识符
     1>已完成生成项目“D:\Code\code\test_02_09\test_02_09\test_02_09.vcxproj”(build 个目标)的操作 - 失败。

生成失败。

已用时间 00:00:00.71
